==1275== Memcheck, a memory error detector
==1275== Copyright (C) 2002-2017, and GNU GPL'd, by Julian Seward et al.
==1275== Using Valgrind-3.15.0 and LibVEX; rerun with -h for copyright info
==1275== Command: ./menu
==1275== Parent PID: 1274
==1275== 
==1275== 
==1275== HEAP SUMMARY:
==1275==     in use at exit: 92,229 bytes in 426 blocks
==1275==   total heap usage: 2,643 allocs, 2,217 frees, 446,467 bytes allocated
==1275== 
==1275== LEAK SUMMARY:
==1275==    definitely lost: 0 bytes in 0 blocks
==1275==    indirectly lost: 0 bytes in 0 blocks
==1275==      possibly lost: 0 bytes in 0 blocks
==1275==    still reachable: 92,229 bytes in 426 blocks
==1275==         suppressed: 0 bytes in 0 blocks
==1275== Reachable blocks (those to which a pointer was found) are not shown.
==1275== To see them, rerun with: --leak-check=full --show-leak-kinds=all
==1275== 
==1275== For lists of detected and suppressed errors, rerun with: -s
==1275== ERROR SUMMARY: 0 errors from 0 contexts (suppressed: 0 from 0)
